<?xml version="1.0" encoding="UTF-8"?>
<!-- Generated by org.testng.reporters.JUnitReportReporter -->
<testsuite skipped="0" hostname="DESKTOP-6SJLI8Q" name="com.ustglobal.JenkinsTest.AmazonTest" tests="1" failures="0" timestamp="2021-09-28T12:00:52 IST" time="14.265" errors="0">
  <testcase name="getAmazonTitle" time="14.265" classname="com.ustglobal.JenkinsTest.AmazonTest"/>
  <system-out/>
</testsuite> <!-- com.ustglobal.JenkinsTest.AmazonTest -->
