<?xml version="1.0" encoding="UTF-8"?>
<!-- Generated by org.testng.reporters.JUnitReportReporter -->
<testsuite hostname="DESKTOP-6SJLI8Q" failures="0" tests="1" name="com.ustglobal.JenkinsTest.GoogleTest" time="9.251" errors="0" timestamp="2021-09-28T17:58:06 IST" skipped="0">
  <testcase classname="com.ustglobal.JenkinsTest.GoogleTest" name="getGoogleTitle" time="9.251"/>
  <system-out/>
</testsuite> <!-- com.ustglobal.JenkinsTest.GoogleTest -->
