<?xml version="1.0" encoding="UTF-8"?>
<!-- Generated by org.testng.reporters.JUnitReportReporter -->
<testsuite hostname="DESKTOP-6SJLI8Q" failures="0" tests="1" name="com.ustglobal.JenkinsTest.AmazonTest" time="13.686" errors="0" timestamp="2021-09-28T17:58:06 IST" skipped="0">
  <testcase classname="com.ustglobal.JenkinsTest.AmazonTest" name="getAmazonTitle" time="13.686"/>
  <system-out/>
</testsuite> <!-- com.ustglobal.JenkinsTest.AmazonTest -->
