<?xml version="1.0" encoding="UTF-8"?>
<!-- Generated by org.testng.reporters.JUnitReportReporter -->
<testsuite skipped="0" hostname="DESKTOP-6SJLI8Q" name="com.ustglobal.JenkinsTest.GoogleTest" tests="1" failures="0" timestamp="2021-09-28T12:00:52 IST" time="10.789" errors="0">
  <testcase name="getGoogleTitle" time="10.789" classname="com.ustglobal.JenkinsTest.GoogleTest"/>
  <system-out/>
</testsuite> <!-- com.ustglobal.JenkinsTest.GoogleTest -->
