<?xml version="1.0" encoding="UTF-8"?>
<!-- Generated by org.testng.reporters.JUnitReportReporter -->
<testsuite hostname="DESKTOP-6SJLI8Q" failures="0" tests="3" name="com.testcases.LoginPageTest" time="32.674" errors="0" timestamp="2021-09-22T15:26:51 IST" skipped="0">
  <testcase classname="com.testcases.LoginPageTest" name="validateLoginPageTitleTest" time="7.463"/>
  <system-out/>
  <testcase classname="com.testcases.LoginPageTest" name="loginWithValidCredentials" time="16.914"/>
  <system-out/>
  <testcase classname="com.testcases.LoginPageTest" name="loginWithInValidCredentials" time="8.297"/>
  <system-out/>
</testsuite> <!-- com.testcases.LoginPageTest -->
