<?xml version="1.0" encoding="UTF-8"?>
<!-- Generated by org.testng.reporters.JUnitReportReporter -->
<testsuite hostname="DESKTOP-6SJLI8Q" failures="0" tests="3" name="com.testcases.LoginPageTest" time="34.700" errors="0" timestamp="2021-10-01T15:25:48 IST" skipped="0">
  <testcase classname="com.testcases.LoginPageTest" name="validateLoginPageTitleTest" time="6.762"/>
  <system-out/>
  <testcase classname="com.testcases.LoginPageTest" name="loginWithValidCredentials" time="19.731"/>
  <system-out/>
  <testcase classname="com.testcases.LoginPageTest" name="loginWithInValidCredentials" time="8.207"/>
  <system-out/>
</testsuite> <!-- com.testcases.LoginPageTest -->
