<?xml version="1.0" encoding="UTF-8"?>
<!-- Generated by org.testng.reporters.JUnitReportReporter -->
<testsuite hostname="DESKTOP-6SJLI8Q" failures="0" tests="1" name="com.testcases.AdminPageTest" time="14.570" errors="0" timestamp="2021-09-22T15:54:08 IST" skipped="0">
  <testcase classname="com.testcases.AdminPageTest" name="viewLoggedInUserDetails" time="14.570"/>
  <system-out/>
</testsuite> <!-- com.testcases.AdminPageTest -->
