<?xml version="1.0" encoding="UTF-8"?>
<!-- Generated by org.testng.reporters.JUnitReportReporter -->
<testsuite hostname="DESKTOP-6SJLI8Q" failures="0" tests="5" name="com.testcases.LoginPageTestExcel" time="93.904" errors="0" timestamp="2021-09-30T09:10:17 IST" skipped="0">
  <testcase classname="com.testcases.LoginPageTestExcel" name="loginWithValidCredentials" time="18.549"/>
  <system-out/>
  <testcase classname="com.testcases.LoginPageTestExcel" name="loginWithValidCredentials" time="19.520"/>
  <system-out/>
  <testcase classname="com.testcases.LoginPageTestExcel" name="loginWithValidCredentials" time="17.461"/>
  <system-out/>
  <testcase classname="com.testcases.LoginPageTestExcel" name="loginWithValidCredentials" time="18.429"/>
  <system-out/>
  <testcase classname="com.testcases.LoginPageTestExcel" name="loginWithValidCredentials" time="19.945"/>
  <system-out/>
</testsuite> <!-- com.testcases.LoginPageTestExcel -->
