<?xml version="1.0" encoding="UTF-8"?>
<!-- Generated by org.testng.reporters.JUnitReportReporter -->
<testsuite hostname="DESKTOP-6SJLI8Q" failures="0" tests="1" name="com.testcases.AdminPageTest" time="17.115" errors="0" timestamp="2021-09-28T19:19:51 IST" skipped="0">
  <testcase classname="com.testcases.AdminPageTest" name="viewLoggedInUserDetails" time="17.115"/>
  <system-out/>
</testsuite> <!-- com.testcases.AdminPageTest -->
