<?xml version="1.0" encoding="UTF-8"?>
<!-- Generated by org.testng.reporters.JUnitReportReporter -->
<testsuite hostname="DESKTOP-6SJLI8Q" failures="0" tests="3" name="basics.TestngTest" time="0.009" errors="0" timestamp="2021-09-22T14:07:37 IST" skipped="0">
  <testcase classname="basics.TestngTest" name="test3" time="0.002"/>
  <system-out/>
  <testcase classname="basics.TestngTest" name="test2" time="0.005"/>
  <system-out/>
  <testcase classname="basics.TestngTest" name="test1" time="0.002"/>
  <system-out/>
</testsuite> <!-- basics.TestngTest -->
